[2025-06-05 11:04:21] User: /start
Bot: Привет! Я бот для поиска достопримечательностей. Используйте меню ниже для навигации.
[2025-06-05 11:04:26] User: /start
Bot: Привет! Я бот для поиска достопримечательностей. Используйте меню ниже для навигации.
[2025-06-05 11:04:36] User: /search
Bot: Сначала установите город командой /setcity
[2025-06-05 11:04:41] User: /setcity
Bot: Пожалуйста, укажите город после команды, например: /setcity Москва
[2025-06-05 11:04:54] User: /setcity Мирный
Bot: Город установлен: Мирный
[2025-06-05 11:04:57] User: /random
Bot: Случайная достопримечательность в Мирный:
Часовня в память о пожарных Мирнинского района — Адрес не указан
[2025-06-05 11:05:04] User: /random
Bot: Случайная достопримечательность в Мирный:
Скульптура "Серп и молот" — Адрес не указан
[2025-06-05 11:05:07] User: /random
Bot: Случайная достопримечательность в Мирный:
Памятная доска — Адрес не указан
[2025-06-05 11:05:09] User: /random
Bot: Случайная достопримечательность в Мирный:
Часовня в память о пожарных Мирнинского района — Адрес не указан
[2025-06-05 11:05:10] User: /random
Bot: Случайная достопримечательность в Мирный:
Скульптура "Три меча" — Адрес не указан
[2025-06-05 11:05:15] User: /random
Bot: Случайная достопримечательность в Мирный:
Памятная доска — Адрес не указан
[2025-06-05 11:05:16] User: /search
Bot: Достопримечательности в Мирный:
1. Первый деревянный дом города — Адрес не указан
2. Скульптура "Три меча" — Адрес не указан
3. Церковь Троицы Живоначальной — Адрес не указан
4. Памятник И.В. Сталину — Адрес не указан
5. Памятник Л.Л. Солдатову — Адрес не указан
6. Скульптура "Серп и молот" — Адрес не указан
7. Без названия — Адрес не указан
8. Памятная доска — Адрес не указан
9. Памятник собаке — Адрес не указан
10. Часовня в память о пожарных Мирнинского района — Адрес не указан

[2025-06-05 11:06:28] User: /start
Bot: Привет! Я бот для поиска достопримечательностей. Используйте меню ниже для навигации.
[2025-06-05 11:06:31] User: /search
Bot: Достопримечательности в Мирный:
1. Первый деревянный дом города — Адрес не указан
2. Скульптура "Три меча" — Адрес не указан
3. Церковь Троицы Живоначальной — Адрес не указан
4. Памятник И.В. Сталину — Адрес не указан
5. Памятник Л.Л. Солдатову — Адрес не указан
6. Скульптура "Серп и молот" — Адрес не указан
7. Без названия — Адрес не указан
8. Памятная доска — Адрес не указан
9. Памятник собаке — Адрес не указан
10. Часовня в память о пожарных Мирнинского района — Адрес не указан

[2025-06-05 11:06:37] User: /help
Bot: Доступные команды:
/start - приветствие
/help - помощь
/setcity <город> - установить город
/search - поиск достопримечательностей в городе
/random - случайная достопримечательность

[2025-06-05 11:06:47] User: /setcity Москва
Bot: Город установлен: Москва
[2025-06-05 11:06:48] User: /search
Bot: Достопримечательности в Москва:
1. Центральный Детский Магазин — Театральный проезд, 5 ст1, 0 этаж
2. ГУМ Москва — Красная площадь, 3
3. Большой театр России, историческая сцена — Театральная площадь, 1
4. Московский художественный театр им. А.П. Чехова — Камергерский переулок, 3, 1 этаж
5. The Carlton, Moscow, гостиница — Тверская улица, 3
6. Four Seasons Hotel Moscow, отель — улица Охотный Ряд, 2, 1-10 этаж
7. Националь, отель — улица Моховая, 15/1 ст1
8. Государственный исторический музей — Красная площадь, 1
9. METROPOL Отель Москва — Театральный проезд, 2
10. Малый театр России — Театральный проезд, 1

[2025-06-05 11:07:17] User: /setcity
Bot: Пожалуйста, укажите город после команды, например: /setcity Москва
[2025-06-05 11:07:18] User: /help
Bot: Доступные команды:
/start - приветствие
/help - помощь
/setcity <город> - установить город
/search - поиск достопримечательностей в городе
/random - случайная достопримечательность

[2025-06-05 11:07:20] User: /help
Bot: Доступные команды:
/start - приветствие
/help - помощь
/setcity <город> - установить город
/search - поиск достопримечательностей в городе
/random - случайная достопримечательность

[2025-06-05 11:07:21] User: /setcity
Bot: Пожалуйста, укажите город после команды, например: /setcity Москва
